  unittest1.cpp
c:\users\aditya\desktop\myset\myset\myset.h(352): error C2678: binary '==': no operator found which takes a left-hand operand of type 'debugMem' (or there is no acceptable conversion)
  c:\program files (x86)\microsoft visual studio\2017\community\vc\tools\msvc\14.11.25503\include\system_error(372): note: could be 'bool std::operator ==(const std::error_condition &,const std::error_condition &) noexcept'
  c:\program files (x86)\microsoft visual studio\2017\community\vc\tools\msvc\14.11.25503\include\system_error(366): note: or       'bool std::operator ==(const std::error_condition &,const std::error_code &) noexcept'
  c:\program files (x86)\microsoft visual studio\2017\community\vc\tools\msvc\14.11.25503\include\system_error(360): note: or       'bool std::operator ==(const std::error_code &,const std::error_condition &) noexcept'
  c:\program files (x86)\microsoft visual studio\2017\community\vc\tools\msvc\14.11.25503\include\system_error(354): note: or       'bool std::operator ==(const std::error_code &,const std::error_code &) noexcept'
  c:\program files (x86)\microsoft visual studio\2017\community\vc\tools\msvc\14.11.25503\include\exception(342): note: or       'bool std::operator ==(const std::exception_ptr &,std::nullptr_t) throw()'
  c:\program files (x86)\microsoft visual studio\2017\community\vc\tools\msvc\14.11.25503\include\exception(337): note: or       'bool std::operator ==(std::nullptr_t,const std::exception_ptr &) throw()'
  c:\program files (x86)\microsoft visual studio\2017\community\vc\tools\msvc\14.11.25503\include\exception(332): note: or       'bool std::operator ==(const std::exception_ptr &,const std::exception_ptr &) throw()'
  c:\users\aditya\desktop\myset\myset\myset.h(352): note: while trying to match the argument list '(debugMem, const debugMem)'
  c:\users\aditya\desktop\myset\myset\myset.h(346): note: while compiling class template member function 'bool myset<debugMem>::operator [](const T &)'
          with
          [
              T=debugMem
          ]
  c:\users\aditya\desktop\myset\myset\unittest1.cpp(3362): note: see reference to function template instantiation 'bool myset<debugMem>::operator [](const T &)' being compiled
          with
          [
              T=debugMem
          ]
  c:\users\aditya\desktop\myset\myset\unittest1.cpp(3349): note: see reference to class template instantiation 'myset<debugMem>' being compiled
